{
  "RSpec": {
    "coverage": {
      "/Users/huianyang/Project/makersbnb/app.rb": [
        1,
        1,
        null,
        1,
        1,
        null,
        1,
        7,
        null,
        null,
        1,
        1,
        null,
        null,
        1,
        1,
        1,
        1,
        null,
        null,
        1,
        5,
        null,
        null,
        1,
        5,
        5,
        null,
        null,
        1,
        6,
        6,
        6,
        null,
        null,
        1,
        2,
        null,
        null,
        1,
        1,
        1,
        1,
        1,
        null,
        1,
        2,
        2,
        2,
        2,
        null,
        null,
        1,
        1,
        1,
        1,
        null,
        1,
        null,
        null,
        1,
        1,
        null,
        null
      ],
      "/Users/huianyang/Project/makersbnb/spec/features/booking_spec.rb": [
        1,
        null,
        null,
        1,
        1,
        1,
        1,
        1,
        1,
        null,
        1,
        null,
        null
      ],
      "/Users/huianyang/Project/makersbnb/spec/features/web_helper.rb": [
        1,
        5,
        5,
        5,
        5,
        5,
        null
      ],
      "/Users/huianyang/Project/makersbnb/spec/features/list_spec.rb": [
        1,
        1,
        1,
        1,
        1,
        null,
        null,
        1,
        1,
        1,
        1,
        1,
        1,
        1,
        1,
        1,
        1,
        1,
        null,
        null
      ],
      "/Users/huianyang/Project/makersbnb/spec/features/user_login_spec.rb": [
        1,
        null,
        1,
        1,
        1,
        1,
        null,
        null
      ],
      "/Users/huianyang/Project/makersbnb/spec/features/user_logout_spec.rb": [
        1,
        null,
        1,
        1,
        1,
        1,
        1,
        null,
        null
      ],
      "/Users/huianyang/Project/makersbnb/spec/features/user_signup_spec.rb": [
        1,
        1,
        1,
        1,
        1,
        1,
        1,
        1,
        1,
        1,
        null,
        null
      ]
    },
    "timestamp": 1547205712
  }
}
